make all --print-data-base --no-builtin-variables --no-builtin-rules --question
# GNU Make 3.81
# Copyright (C) 2006  Free Software Foundation, Inc.
# This is free software; see the source for copying conditions.
# There is NO warranty; not even for MERCHANTABILITY or FITNESS FOR A
# PARTICULAR PURPOSE.

# This program built for i386-apple-darwin11.3.0
 

# Make data base, printed on Sun Aug 21 15:09:39 2022

# Variables

# makefile (from `Makefile', line 18)
GRA := \033[37m
# automatic
<D = $(patsubst %/,%,$(dir $<))
# automatic
?F = $(notdir $?)
# environment
VSCODE_LOG_NATIVE = false
# automatic
?D = $(patsubst %/,%,$(dir $?))
# automatic
@D = $(patsubst %/,%,$(dir $@))
# automatic
@F = $(notdir $@)
# makefile
CURDIR := /Users/sahafid/Desktop/cub3D_42
# makefile
SHELL = /bin/sh
# makefile (from `Makefile', line 15)
NNN := \033[0m
# environment
VSCODE_NLS_CONFIG = {"locale":"en-us","availableLanguages":{},"_languagePackSupport":true}
# makefile (from `Makefile', line 45)
MLX := minilibx-linux
# environment
_ = /usr/bin/make
# makefile (from `Makefile', line 1)
MAKEFILE_LIST :=  Makefile
# environment
VSCODE_VERBOSE_LOGGING = true
# environment
VSCODE_IPC_HOOK_EXTHOST = /var/folders/zz/zyxvpxvq6csfxvn_n000ccch003334/T/vscode-ipc-d3bfe9f5-3bb7-4841-b009-25f7ae913bbb.sock
# environment
VSCODE_CWD = /
# environment
Apple_PubSub_Socket_Render = /private/tmp/com.apple.launchd.OLP8tNCZAH/Render
# environment
PATH = /Users/sahafid/goinfre/.brew/bin:/Users/sahafid/goinfre/homebrew/bin:/usr/local/bin:/usr/bin:/bin:/usr/sbin:/sbin:/usr/local/munki:/Library/Frameworks/Mono.framework/Versions/Current/Commands
# environment
LSCOLORS = Gxfxcxdxbxegedabagacad
# environment
VSCODE_LOG_STACK = false
# environment
ELECTRON_RUN_AS_NODE = 1
# default
.FEATURES := target-specific order-only second-expansion else-if archives jobserver check-symlink
# makefile (from `Makefile', line 20)
GRN := \033[32m
# makefile (from `Makefile', line 41)
CC_FLAGS := -Wall -Wextra -Werror -lm
# environment
SSH_AUTH_SOCK = /private/tmp/com.apple.launchd.61IzLvOliW/Listeners
# automatic
%F = $(notdir $%)
# makefile (from `Makefile', line 47)
LIBFT_ARCH := libft/libft.a
# environment
VSCODE_PIPE_LOGGING = true
# environment
PWD = /Users/sahafid/Desktop/cub3D_42
# makefile (from `Makefile', line 49)
EXEC_ARCH := srcs/executor/libexecutor.a
# environment
ORIGINAL_XDG_CURRENT_DESKTOP = undefined
# makefile (from `Makefile', line 22)
BLU := \033[34m
# environment
VSCODE_AMD_ENTRYPOINT = vs/workbench/api/node/extensionHostProcess
# environment
HOME = /Users/sahafid
# default
MAKEFILEPATH = $(shell /usr/bin/xcode-select -print-path 2>/dev/null || echo /Developer)/Makefiles
# environment
VSCODE_CODE_CACHE_PATH = /Users/sahafid/Library/Application Support/Code/CachedData/57fd6d0195bb9b9d1b49f6da5db789060795de47
# environment
LOGNAME = sahafid
# environment
APPLICATION_INSIGHTS_NO_DIAGNOSTIC_CHANNEL = 1
# makefile (from `Makefile', line 50)
ARCHIVES := -Llibft -lft -Lsrcs/parser -lparser -Lsrcs/executor -lexecutor
# environment
ZSH = /Users/sahafid/.oh-my-zsh
# environment
VSCODE_HANDLES_UNCAUGHT_ERRORS = true
# automatic
^D = $(patsubst %/,%,$(dir $^))
# environment
XPC_FLAGS = 0x0
# default
MAKE = $(MAKE_COMMAND)
# default
MAKECMDGOALS := all
# environment
SHLVL = 1
# makefile (from `Makefile', line 19)
CYN := \033[36m
# makefile (from `Makefile', line 27)
define TITLE

		 ██████╗██╗   ██╗██████╗         ██████╗ ██████╗ 
		██╔════╝██║   ██║██╔══██╗        ╚════██╗██╔══██╗
		██║     ██║   ██║██████╔╝         █████╔╝██║  ██║
		██║     ██║   ██║██╔══██╗         ╚═══██╗██║  ██║
		╚██████╗╚██████╔╝██████╔╝███████╗██████╔╝██████╔╝
		 ╚═════╝ ╚═════╝ ╚═════╝ ╚══════╝╚═════╝ ╚═════╝ 
                            \t\t\t- Created By ${BLU}bavos_forstman${NNN}\n
endef
# makefile (from `Makefile', line 40)
CC := gcc
# default
MAKE_VERSION := 3.81
# environment
USER = sahafid
# makefile (from `Makefile', line 23)
DARKVIOLET = \033[1;5;1;36m
# makefile
.DEFAULT_GOAL := all
# makefile (from `Makefile', line 42)
NAME := cub3D
# environment
LESS = -R
# automatic
%D = $(patsubst %/,%,$(dir $%))
# default
MAKE_COMMAND := /Library/Developer/CommandLineTools/usr/bin/make
# default
.VARIABLES := 
# environment
TMPDIR = /var/folders/zz/zyxvpxvq6csfxvn_n000ccch003334/T/
# automatic
*F = $(notdir $*)
# environment
VSCODE_IPC_HOOK = /Users/sahafid/Library/Application Support/Code/1.67.0-main.sock
# makefile (from `Makefile', line 21)
MGN := \033[35m
# makefile (from `Makefile', line 16)
RED := \033[31m
# makefile
MAKEFLAGS = Rrqp
# environment
MFLAGS = -Rrqp
# automatic
*D = $(patsubst %/,%,$(dir $*))
# makefile (from `Makefile', line 43)
MAIN := main.c
# environment
XPC_SERVICE_NAME = com.apple.xpc.launchd.oneshot.0x10000001.Electron
# automatic
+D = $(patsubst %/,%,$(dir $+))
# automatic
+F = $(notdir $+)
# environment
__CF_USER_TEXT_ENCODING = 0x18C64:0x0:0x0
# environment
COMMAND_MODE = unix2003
# default
MAKEFILES := 
# environment
HOMEBREW_NO_AUTO_UPDATE = 1
# automatic
<F = $(notdir $<)
# environment
PAGER = less
# environment
LC_ALL = C
# makefile (from `Makefile', line 17)
YEL := \033[33m
# makefile (from `Makefile', line 44)
HEADER := cub3d.h
# environment
SECURITYSESSIONID = 186a8
# automatic
^F = $(notdir $^)
# default
SUFFIXES := 
# default
.INCLUDE_DIRS = /usr/local/include
# environment
MAKELEVEL := 0
# makefile (from `Makefile', line 48)
PARS_ARCH := srcs/parser/libparser.a
# environment
LANG = C
# environment
VSCODE_PID = 1619
# variable set hash-table stats:
# Load=88/1024=9%, Rehash=0, Collisions=2/129=2%

# Pattern-specific Variable Values

# No pattern-specific variable values.

# Directories

# . (device 16777227, inode 859007): 12 files, no impossibilities.

# 12 files, no impossibilities in 1 directories.

# Implicit Rules

# No implicit rules.

# Files

all: cub3D
#  Phony target (prerequisite of .PHONY).
#  Command-line target.
#  Implicit rule search has not been done.
#  File does not exist.
#  File has been updated.
#  Needs to be updated (-q is set).
# variable set hash-table stats:
# Load=0/32=0%, Rehash=0, Collisions=0/4=0%

title:
#  Phony target (prerequisite of .PHONY).
#  Implicit rule search has not been done.
#  Implicit/static pattern stem: `'
#  File does not exist.
#  File has been updated.
#  Needs to be updated (-q is set).
# automatic
# @ := title
# automatic
# % := 
# automatic
# * := 
# automatic
# + := 
# automatic
# | := 
# automatic
# < := 
# automatic
# ^ := 
# automatic
# ? := 
# variable set hash-table stats:
# Load=8/32=25%, Rehash=0, Collisions=1/12=8%
#  commands to execute (from `Makefile', line 69):
	@echo " ${DARKVIOLET}$$TITLE${NC}"
	

.PHONY: all clean fclean re title libft/libft.a srcs/parser/libparser.a srcs/executor/libexecutor.a
#  Implicit rule search has not been done.
#  Modification time never checked.
#  File has not been updated.

cub3D: title libft/libft.a srcs/parser/libparser.a srcs/executor/libexecutor.a cub3d.h
#  Implicit rule search has not been done.
#  File does not exist.
#  File has been updated.
#  Needs to be updated (-q is set).
# variable set hash-table stats:
# Load=0/32=0%, Rehash=0, Collisions=0/4=0%
#  commands to execute (from `Makefile', line 72):
	@${CC} ${CC_FLAGS} ${MAIN} -o ${NAME} ${ARCHIVES} -L $(MLX) -lmlx -lm -lbsd -lX11 -lXext -g
	@printf "\n${MGN}Executable ${GRA}${NAME}${MGN} created${NNN} :)\n\n"
	

# Not a target:
.SUFFIXES:
#  Implicit rule search has not been done.
#  Modification time never checked.
#  File has not been updated.

# Not a target:
Makefile:
#  Implicit rule search has been done.
#  Last modified 2022-08-20 07:06:34
#  File has been updated.
#  Successfully updated.
# variable set hash-table stats:
# Load=0/32=0%, Rehash=0, Collisions=0/0=0%

libft/libft.a:
#  Phony target (prerequisite of .PHONY).
#  Implicit rule search has not been done.
#  File does not exist.
#  File has not been updated.
#  commands to execute (from `Makefile', line 60):
	@make -C libft/
	

fclean: clean
#  Phony target (prerequisite of .PHONY).
#  Implicit rule search has not been done.
#  File does not exist.
 
#  File has not been updated.
#  commands to execute (from `Makefile', line 81):
	@make -C libft/ fclean
	@make -C srcs/parser/ fclean
	@rm -f ${NAME}
	@echo "\n${GRA}${NAME}${RED}\texecutable file has been deleted${NNN}"
	@make -C srcs/executor fclean
	

srcs/executor/libexecutor.a:
#  Phony target (prerequisite of .PHONY).
#  Implicit rule search has not been done.
#  File does not exist.
#  File has not been updated.
#  commands to execute (from `Makefile', line 66):
	@make -C srcs/executor/
	

# Not a target:
.DEFAULT:
#  Implicit rule search has not been done.
#  Modification time never checked.
#  File has not been updated.

re: fclean all
#  Phony target (prerequisite of .PHONY).
#  Implicit rule search has not been done.
#  File does not exist.
#  File has not been updated.

clean:
 
#  Phony target (prerequisite of .PHONY).
#  Implicit rule search has not been done.
#  File does not exist.
#  File has not been updated.
#  commands to execute (from `Makefile', line 76):
	@make -C libft/ clean
	@make -C srcs/parser/ clean
	@make -C srcs/executor clean
	

# Not a target:
cub3d.h:
#  Implicit rule search has not been done.
#  Modification time never checked.
#  File has not been updated.

srcs/parser/libparser.a:
#  Phony target (prerequisite of .PHONY).
#  Implicit rule search has not been done.
#  File does not exist.
#  File has not been updated.
#  commands to execute (from `Makefile', line 63):
	@make -C srcs/parser/
	

# files hash-table stats:
# Load=14/1024=1%, Rehash=0, Collisions=0/45=0%
# VPATH Search Paths

# No `vpath' search paths.

# No general (`VPATH' variable) search path.

# # of strings in strcache: 1
# # of strcache buffers: 1
# strcache size: total = 4096 / max = 4096 / min = 4096 / avg = 4096
# strcache free: total = 4087 / max = 4087 / min = 4087 / avg = 4087

# Finished Make data base on Sun Aug 21 15:09:39 2022

 
